This file contains any messages produced by compilers while
running configure, to aid debugging if configure makes a mistake.

It was created by proximity-genom configure 1.0, which was
generated by GNU Autoconf 2.69.  Invocation command line was

  $ ../configure 

## --------- ##
## Platform. ##
## --------- ##

hostname = lex
uname -m = x86_64
uname -r = 3.13.0-45-generic
uname -s = Linux
uname -v = #74-Ubuntu SMP Tue Jan 13 19:36:28 UTC 2015

/usr/bin/uname -p = unknown
/bin/uname -X     = unknown

/bin/arch              = unknown
/usr/bin/arch -k       = unknown
/usr/convex/getsysinfo = unknown
/usr/bin/hostinfo      = unknown
/bin/machine           = unknown
/usr/bin/oslevel       = unknown
/bin/universe          = unknown

PATH: .
PATH: /home/pablich/Desktop/ogate-sw/GOAC/TREX/bin
PATH: /usr/local/sbin
PATH: /usr/local/bin
PATH: /usr/sbin
PATH: /usr/bin
PATH: /sbin
PATH: /bin
PATH: /usr/games
PATH: /usr/local/games
PATH: /usr/lib/jvm/java-8-oracle/bin
PATH: /usr/lib/jvm/java-8-oracle/db/bin
PATH: /usr/lib/jvm/java-8-oracle/jre/bin
PATH: /opt/openrobots/bin
PATH: /opt/plexil/bin


## ----------- ##
## Core tests. ##
## ----------- ##

configure:3191: checking build system type
configure:3205: result: x86_64-unknown-linux-gnu
configure:3225: checking host system type
configure:3238: result: x86_64-unknown-linux-gnu
configure:3310: checking for gcc
configure:3326: found /usr/bin/gcc
configure:3337: result: gcc
configure:3566: checking for C compiler version
configure:3575: gcc --version >&5
gcc (Ubuntu/Linaro 4.4.7-8ubuntu1) 4.4.7
Copyright (C) 2010 Free Software Foundation, Inc.
This is free software; see the source for copying conditions.  There is NO
warranty; not even for MERCHANTABILITY or FITNESS FOR A PARTICULAR PURPOSE.

configure:3586: $? = 0
configure:3575: gcc -v >&5
Using built-in specs.
Target: x86_64-linux-gnu
Configured with: ../src/configure -v --with-pkgversion='Ubuntu/Linaro 4.4.7-8ubuntu1' --with-bugurl=file:///usr/share/doc/gcc-4.4/README.Bugs --enable-languages=c,c++,fortran --prefix=/usr --program-suffix=-4.4 --enable-shared --enable-linker-build-id --with-system-zlib --libexecdir=/usr/lib --without-included-gettext --enable-threads=posix --with-gxx-include-dir=/usr/include/c++/4.4 --libdir=/usr/lib --enable-nls --with-sysroot=/ --enable-clocale=gnu --enable-libstdcxx-debug --disable-libmudflap --disable-werror --with-arch-32=i686 --with-tune=generic --enable-checking=release --build=x86_64-linux-gnu --host=x86_64-linux-gnu --target=x86_64-linux-gnu
Thread model: posix
gcc version 4.4.7 (Ubuntu/Linaro 4.4.7-8ubuntu1) 
configure:3586: $? = 0
configure:3575: gcc -V >&5
gcc: '-V' option must have argument
configure:3586: $? = 1
configure:3575: gcc -qversion >&5
gcc: unrecognized option '-qversion'
gcc: no input files
configure:3586: $? = 1
configure:3606: checking whether the C compiler works
configure:3628: gcc    conftest.c  >&5
configure:3632: $? = 0
configure:3680: result: yes
configure:3683: checking for C compiler default output file name
configure:3685: result: a.out
configure:3691: checking for suffix of executables
configure:3698: gcc -o conftest    conftest.c  >&5
configure:3702: $? = 0
configure:3724: result: 
configure:3746: checking whether we are cross compiling
configure:3754: gcc -o conftest    conftest.c  >&5
configure:3758: $? = 0
configure:3765: ./conftest
configure:3769: $? = 0
configure:3784: result: no
configure:3789: checking for suffix of object files
configure:3811: gcc -c   conftest.c >&5
configure:3815: $? = 0
configure:3836: result: o
configure:3840: checking whether we are using the GNU C compiler
configure:3859: gcc -c   conftest.c >&5
configure:3859: $? = 0
configure:3868: result: yes
configure:3877: checking whether gcc accepts -g
configure:3897: gcc -c -g  conftest.c >&5
configure:3897: $? = 0
configure:3938: result: yes
configure:3955: checking for gcc option to accept ISO C89
configure:4018: gcc  -c -g -O2  conftest.c >&5
configure:4018: $? = 0
configure:4031: result: none needed
configure:4325: checking for a BSD-compatible install
configure:4393: result: /usr/bin/install -c
configure:4476: checking for a sed that does not truncate output
configure:4532: result: /bin/sed
configure:4535: checking for grep that handles long lines and -e
configure:4593: result: /bin/grep
configure:4598: checking for egrep
configure:4660: result: /bin/grep -E
configure:4676: checking for ld used by gcc
configure:4743: result: /usr/bin/ld
configure:4750: checking if the linker (/usr/bin/ld) is GNU ld
configure:4765: result: yes
configure:4770: checking for /usr/bin/ld option to reload object files
configure:4777: result: -r
configure:4795: checking for BSD-compatible nm
configure:4844: result: /usr/bin/nm -B
configure:4848: checking whether ln -s works
configure:4852: result: yes
configure:4859: checking how to recognize dependent libraries
configure:5045: result: pass_all
configure:5134: gcc -c -g -O2  conftest.c >&5
configure:5137: $? = 0
configure:5266: checking how to run the C preprocessor
configure:5297: gcc -E  conftest.c
configure:5297: $? = 0
configure:5311: gcc -E  conftest.c
conftest.c:9: fatal error: ac_nonexistent.h: No such file or directory
compilation terminated.
configure:5311: $? = 1
configure: failed program was:
| /* confdefs.h */
| #define PACKAGE_NAME "proximity-genom"
| #define PACKAGE_TARNAME "proximity-genom"
| #define PACKAGE_VERSION "1.0"
| #define PACKAGE_STRING "proximity-genom 1.0"
| #define PACKAGE_BUGREPORT "juan.mora@edu.uah.es"
| #define PACKAGE_URL ""
| /* end confdefs.h.  */
| #include <ac_nonexistent.h>
configure:5336: result: gcc -E
configure:5356: gcc -E  conftest.c
configure:5356: $? = 0
configure:5370: gcc -E  conftest.c
conftest.c:9: fatal error: ac_nonexistent.h: No such file or directory
compilation terminated.
configure:5370: $? = 1
configure: failed program was:
| /* confdefs.h */
| #define PACKAGE_NAME "proximity-genom"
| #define PACKAGE_TARNAME "proximity-genom"
| #define PACKAGE_VERSION "1.0"
| #define PACKAGE_STRING "proximity-genom 1.0"
| #define PACKAGE_BUGREPORT "juan.mora@edu.uah.es"
| #define PACKAGE_URL ""
| /* end confdefs.h.  */
| #include <ac_nonexistent.h>
configure:5399: checking for ANSI C header files
configure:5419: gcc -c -g -O2  conftest.c >&5
configure:5419: $? = 0
configure:5492: gcc -o conftest -g -O2   conftest.c  >&5
configure:5492: $? = 0
configure:5492: ./conftest
configure:5492: $? = 0
configure:5503: result: yes
configure:5516: checking for sys/types.h
configure:5516: gcc -c -g -O2  conftest.c >&5
configure:5516: $? = 0
configure:5516: result: yes
configure:5516: checking for sys/stat.h
configure:5516: gcc -c -g -O2  conftest.c >&5
configure:5516: $? = 0
configure:5516: result: yes
configure:5516: checking for stdlib.h
configure:5516: gcc -c -g -O2  conftest.c >&5
configure:5516: $? = 0
configure:5516: result: yes
configure:5516: checking for string.h
configure:5516: gcc -c -g -O2  conftest.c >&5
configure:5516: $? = 0
configure:5516: result: yes
configure:5516: checking for memory.h
configure:5516: gcc -c -g -O2  conftest.c >&5
configure:5516: $? = 0
configure:5516: result: yes
configure:5516: checking for strings.h
configure:5516: gcc -c -g -O2  conftest.c >&5
configure:5516: $? = 0
configure:5516: result: yes
configure:5516: checking for inttypes.h
configure:5516: gcc -c -g -O2  conftest.c >&5
configure:5516: $? = 0
configure:5516: result: yes
configure:5516: checking for stdint.h
configure:5516: gcc -c -g -O2  conftest.c >&5
configure:5516: $? = 0
configure:5516: result: yes
configure:5516: checking for unistd.h
configure:5516: gcc -c -g -O2  conftest.c >&5
configure:5516: $? = 0
configure:5516: result: yes
configure:5530: checking dlfcn.h usability
configure:5530: gcc -c -g -O2  conftest.c >&5
configure:5530: $? = 0
configure:5530: result: yes
configure:5530: checking dlfcn.h presence
configure:5530: gcc -E  conftest.c
configure:5530: $? = 0
configure:5530: result: yes
configure:5530: checking for dlfcn.h
configure:5530: result: yes
configure:5734: checking for g77
configure:5764: result: no
configure:5734: checking for xlf
configure:5764: result: no
configure:5734: checking for f77
configure:5764: result: no
configure:5734: checking for frt
configure:5764: result: no
configure:5734: checking for pgf77
configure:5764: result: no
configure:5734: checking for cf77
configure:5764: result: no
configure:5734: checking for fort77
configure:5764: result: no
configure:5734: checking for fl32
configure:5764: result: no
configure:5734: checking for af77
configure:5764: result: no
configure:5734: checking for xlf90
configure:5764: result: no
configure:5734: checking for f90
configure:5764: result: no
configure:5734: checking for pgf90
configure:5764: result: no
configure:5734: checking for pghpf
configure:5764: result: no
configure:5734: checking for epcf90
configure:5764: result: no
configure:5734: checking for gfortran
configure:5764: result: no
configure:5734: checking for g95
configure:5764: result: no
configure:5734: checking for xlf95
configure:5764: result: no
configure:5734: checking for f95
configure:5764: result: no
configure:5734: checking for fort
configure:5764: result: no
configure:5734: checking for ifort
configure:5764: result: no
configure:5734: checking for ifc
configure:5764: result: no
configure:5734: checking for efc
configure:5764: result: no
configure:5734: checking for pgfortran
configure:5764: result: no
configure:5734: checking for pgf95
configure:5764: result: no
configure:5734: checking for lf95
configure:5764: result: no
configure:5734: checking for ftn
configure:5764: result: no
configure:5734: checking for nagfor
configure:5764: result: no
configure:5787: checking for Fortran 77 compiler version
configure:5796:  --version >&5
../configure: line 5798: --version: command not found
configure:5807: $? = 127
configure:5796:  -v >&5
../configure: line 5798: -v: command not found
configure:5807: $? = 127
configure:5796:  -V >&5
../configure: line 5798: -V: command not found
configure:5807: $? = 127
configure:5796:  -qversion >&5
../configure: line 5798: -qversion: command not found
configure:5807: $? = 127
configure:5816: checking whether we are using the GNU Fortran 77 compiler
configure:5829:  -c  conftest.F >&5
../configure: line 2120: -c: command not found
configure:5829: $? = 127
configure: failed program was:
|       program main
| #ifndef __GNUC__
|        choke me
| #endif
| 
|       end
configure:5838: result: no
configure:5844: checking whether  accepts -g
configure:5855:  -c -g conftest.f >&5
../configure: line 2120: -c: command not found
configure:5855: $? = 127
configure: failed program was:
|       program main
| 
|       end
configure:5863: result: no
configure:5896: checking the maximum length of command line arguments
configure:6008: result: 3458764513820540925
configure:6020: checking command to parse /usr/bin/nm -B output from gcc object
configure:6125: gcc -c -g -O2  conftest.c >&5
configure:6128: $? = 0
configure:6132: /usr/bin/nm -B conftest.o \| sed -n -e 's/^.*[ 	]\([ABCDGIRSTW][ABCDGIRSTW]*\)[ 	][ 	]*\([_A-Za-z][_A-Za-z0-9]*\)$/\1 \2 \2/p' \> conftest.nm
configure:6135: $? = 0
configure:6187: gcc -o conftest -g -O2   conftest.c conftstm.o >&5
configure:6190: $? = 0
configure:6228: result: ok
configure:6232: checking for objdir
configure:6247: result: .libs
configure:6339: checking for ar
configure:6355: found /usr/bin/ar
configure:6366: result: ar
configure:6431: checking for ranlib
configure:6447: found /usr/bin/ranlib
configure:6458: result: ranlib
configure:6523: checking for strip
configure:6539: found /usr/bin/strip
configure:6550: result: strip
configure:7115: checking if gcc supports -fno-rtti -fno-exceptions
configure:7133: gcc -c -g -O2  -fno-rtti -fno-exceptions conftest.c >&5
cc1: warning: command line option "-fno-rtti" is valid for C++/ObjC++ but not for C
configure:7137: $? = 0
configure:7150: result: no
configure:7165: checking for gcc option to produce PIC
configure:7397: result: -fPIC
configure:7405: checking if gcc PIC flag -fPIC works
configure:7423: gcc -c -g -O2  -fPIC -DPIC conftest.c >&5
configure:7427: $? = 0
configure:7440: result: yes
configure:7468: checking if gcc static flag -static works
configure:7496: result: yes
configure:7506: checking if gcc supports -c -o file.o
configure:7527: gcc -c -g -O2  -o out/conftest2.o conftest.c >&5
configure:7531: $? = 0
configure:7553: result: yes
configure:7579: checking whether the gcc linker (/usr/bin/ld -m elf_x86_64) supports shared libraries
configure:8505: result: yes
configure:8526: checking whether -lc should be explicitly linked in
configure:8531: gcc -c -g -O2  conftest.c >&5
configure:8534: $? = 0
configure:8549: gcc -shared conftest.o  -v -Wl,-soname -Wl,conftest -o conftest 2\>\&1 \| grep  -lc  \>/dev/null 2\>\&1
configure:8552: $? = 0
configure:8564: result: no
configure:8572: checking dynamic linker characteristics
configure:9176: result: GNU/Linux ld.so
configure:9200: checking how to hardcode library paths into programs
configure:9225: result: immediate
configure:9239: checking whether stripping libraries is possible
configure:9244: result: yes
configure:9761: checking if libtool supports shared libraries
configure:9763: result: yes
configure:9766: checking whether to build shared libraries
configure:9787: result: yes
configure:9790: checking whether to build static libraries
configure:9794: result: yes
configure:9888: creating libtool
configure:18989: checking for mkdep
configure:19008: found /usr/bin/mkdep
configure:19021: result: /usr/bin/mkdep
configure:19033: checking whether mkdep accepts -I/-D options
configure:19046: result: yes
configure:19055: checking sys/cdefs.h usability
configure:19055: gcc -c -g -O2  conftest.c >&5
configure:19055: $? = 0
configure:19055: result: yes
configure:19055: checking sys/cdefs.h presence
configure:19055: gcc -E  conftest.c
configure:19055: $? = 0
configure:19055: result: yes
configure:19055: checking for sys/cdefs.h
configure:19055: result: yes
configure:19066: checking whether byte ordering is bigendian
configure:19081: gcc -c -g -O2  conftest.c >&5
conftest.c:22: error: expected '=', ',', ';', 'asm' or '__attribute__' before 'a'
configure:19081: $? = 1
configure: failed program was:
| /* confdefs.h */
| #define PACKAGE_NAME "proximity-genom"
| #define PACKAGE_TARNAME "proximity-genom"
| #define PACKAGE_VERSION "1.0"
| #define PACKAGE_STRING "proximity-genom 1.0"
| #define PACKAGE_BUGREPORT "juan.mora@edu.uah.es"
| #define PACKAGE_URL ""
| #define STDC_HEADERS 1
| #define HAVE_SYS_TYPES_H 1
| #define HAVE_SYS_STAT_H 1
| #define HAVE_STDLIB_H 1
| #define HAVE_STRING_H 1
| #define HAVE_MEMORY_H 1
| #define HAVE_STRINGS_H 1
| #define HAVE_INTTYPES_H 1
| #define HAVE_STDINT_H 1
| #define HAVE_UNISTD_H 1
| #define HAVE_DLFCN_H 1
| #define HAVE_SYS_CDEFS_H 1
| /* end confdefs.h.  */
| #ifndef __APPLE_CC__
| 	       not a universal capable compiler
| 	     #endif
| 	     typedef int dummy;
| 
configure:19126: gcc -c -g -O2  conftest.c >&5
configure:19126: $? = 0
configure:19144: gcc -c -g -O2  conftest.c >&5
conftest.c: In function 'main':
conftest.c:28: error: 'not' undeclared (first use in this function)
conftest.c:28: error: (Each undeclared identifier is reported only once
conftest.c:28: error: for each function it appears in.)
conftest.c:28: error: expected ';' before 'big'
configure:19144: $? = 1
configure: failed program was:
| /* confdefs.h */
| #define PACKAGE_NAME "proximity-genom"
| #define PACKAGE_TARNAME "proximity-genom"
| #define PACKAGE_VERSION "1.0"
| #define PACKAGE_STRING "proximity-genom 1.0"
| #define PACKAGE_BUGREPORT "juan.mora@edu.uah.es"
| #define PACKAGE_URL ""
| #define STDC_HEADERS 1
| #define HAVE_SYS_TYPES_H 1
| #define HAVE_SYS_STAT_H 1
| #define HAVE_STDLIB_H 1
| #define HAVE_STRING_H 1
| #define HAVE_MEMORY_H 1
| #define HAVE_STRINGS_H 1
| #define HAVE_INTTYPES_H 1
| #define HAVE_STDINT_H 1
| #define HAVE_UNISTD_H 1
| #define HAVE_DLFCN_H 1
| #define HAVE_SYS_CDEFS_H 1
| /* end confdefs.h.  */
| #include <sys/types.h>
| 		#include <sys/param.h>
| 
| int
| main ()
| {
| #if BYTE_ORDER != BIG_ENDIAN
| 		 not big endian
| 		#endif
| 
|   ;
|   return 0;
| }
configure:19272: result: no
configure:19362: checking if compiler recognizes -pthread
configure:19394: gcc -o conftest -g -O2 -pthread   conftest.c  >&5
conftest.c: In function 'pipo':
conftest.c:23: warning: incompatible implicit declaration of built-in function 'exit'
conftest.c: In function 'main':
conftest.c:29: warning: incompatible implicit declaration of built-in function 'exit'
configure:19394: $? = 0
configure:19394: ./conftest
configure:19394: $? = 0
configure:19414: result: yes
configure:19617: checking for library containing fabs
configure:19648: gcc -o conftest -g -O2 -pthread   -pthread conftest.c  >&5
conftest.c:28: warning: conflicting types for built-in function 'fabs'
/tmp/ccLLpNaC.o: In function `main':
/home/pablich/Desktop/mobar-arm/src/genom/proximity/obj/conftest.c:32: undefined reference to `fabs'
collect2: ld returned 1 exit status
configure:19648: $? = 1
configure: failed program was:
| /* confdefs.h */
| #define PACKAGE_NAME "proximity-genom"
| #define PACKAGE_TARNAME "proximity-genom"
| #define PACKAGE_VERSION "1.0"
| #define PACKAGE_STRING "proximity-genom 1.0"
| #define PACKAGE_BUGREPORT "juan.mora@edu.uah.es"
| #define PACKAGE_URL ""
| #define STDC_HEADERS 1
| #define HAVE_SYS_TYPES_H 1
| #define HAVE_SYS_STAT_H 1
| #define HAVE_STDLIB_H 1
| #define HAVE_STRING_H 1
| #define HAVE_MEMORY_H 1
| #define HAVE_STRINGS_H 1
| #define HAVE_INTTYPES_H 1
| #define HAVE_STDINT_H 1
| #define HAVE_UNISTD_H 1
| #define HAVE_DLFCN_H 1
| #define HAVE_SYS_CDEFS_H 1
| /* end confdefs.h.  */
| 
| /* Override any GCC internal prototype to avoid an error.
|    Use char because int might match the return type of a GCC
|    builtin and then its argument prototype would still apply.  */
| #ifdef __cplusplus
| extern "C"
| #endif
| char fabs ();
| int
| main ()
| {
| return fabs ();
|   ;
|   return 0;
| }
configure:19648: gcc -o conftest -g -O2 -pthread   -pthread conftest.c -lm   >&5
conftest.c:28: warning: conflicting types for built-in function 'fabs'
configure:19648: $? = 0
configure:19665: result: -lm
configure:19673: checking for library containing atan
configure:19704: gcc -o conftest -g -O2 -pthread   -pthread conftest.c -lm  >&5
conftest.c:28: warning: conflicting types for built-in function 'atan'
configure:19704: $? = 0
configure:19721: result: none required
configure:19783: checking for pkg-config
configure:19801: found /usr/bin/pkg-config
configure:19813: result: /usr/bin/pkg-config
configure:19838: checking pkg-config is at least version 0.9.0
configure:19841: result: yes
configure:19852: checking for GENOM
configure:19860: $PKG_CONFIG --exists --print-errors "genom >= 2.12"
configure:19863: $? = 0
configure:19878: $PKG_CONFIG --exists --print-errors "genom >= 2.12"
configure:19881: $? = 0
configure:19936: result: yes
configure:20149: creating ./config.status

## ---------------------- ##
## Running config.status. ##
## ---------------------- ##

This file was extended by proximity-genom config.status 1.0, which was
generated by GNU Autoconf 2.69.  Invocation command line was

  CONFIG_FILES    = 
  CONFIG_HEADERS  = 
  CONFIG_LINKS    = 
  CONFIG_COMMANDS = 
  $ ./config.status 

on lex

config.status:773: creating config.mk
config.status:773: creating Makefile
config.status:773: creating codels/Makefile
config.status:773: creating server/Makefile
config.status:773: creating proximity.pc
config.status:773: creating local.mk

## ---------------- ##
## Cache variables. ##
## ---------------- ##

ac_cv_build=x86_64-unknown-linux-gnu
ac_cv_c_bigendian=no
ac_cv_c_compiler_gnu=yes
ac_cv_env_CCC_set=
ac_cv_env_CCC_value=
ac_cv_env_CC_set=
ac_cv_env_CC_value=
ac_cv_env_CFLAGS_set=
ac_cv_env_CFLAGS_value=
ac_cv_env_CPPFLAGS_set=
ac_cv_env_CPPFLAGS_value=
ac_cv_env_CPP_set=
ac_cv_env_CPP_value=
ac_cv_env_CXXCPP_set=
ac_cv_env_CXXCPP_value=
ac_cv_env_CXXFLAGS_set=
ac_cv_env_CXXFLAGS_value=
ac_cv_env_CXX_set=
ac_cv_env_CXX_value=
ac_cv_env_F77_set=
ac_cv_env_F77_value=
ac_cv_env_FFLAGS_set=
ac_cv_env_FFLAGS_value=
ac_cv_env_GENOM_CFLAGS_set=
ac_cv_env_GENOM_CFLAGS_value=
ac_cv_env_GENOM_LIBS_set=
ac_cv_env_GENOM_LIBS_value=
ac_cv_env_LDFLAGS_set=
ac_cv_env_LDFLAGS_value=
ac_cv_env_LIBS_set=
ac_cv_env_LIBS_value=
ac_cv_env_PKG_CONFIG_set=
ac_cv_env_PKG_CONFIG_value=
ac_cv_env_XENO_CONFIG_set=
ac_cv_env_XENO_CONFIG_value=
ac_cv_env_build_alias_set=
ac_cv_env_build_alias_value=
ac_cv_env_host_alias_set=
ac_cv_env_host_alias_value=
ac_cv_env_target_alias_set=
ac_cv_env_target_alias_value=
ac_cv_f77_compiler_gnu=no
ac_cv_header_dlfcn_h=yes
ac_cv_header_inttypes_h=yes
ac_cv_header_memory_h=yes
ac_cv_header_stdc=yes
ac_cv_header_stdint_h=yes
ac_cv_header_stdlib_h=yes
ac_cv_header_string_h=yes
ac_cv_header_strings_h=yes
ac_cv_header_sys_cdefs_h=yes
ac_cv_header_sys_stat_h=yes
ac_cv_header_sys_types_h=yes
ac_cv_header_unistd_h=yes
ac_cv_host=x86_64-unknown-linux-gnu
ac_cv_objext=o
ac_cv_path_EGREP='/bin/grep -E'
ac_cv_path_GREP=/bin/grep
ac_cv_path_MKDEP=/usr/bin/mkdep
ac_cv_path_ac_pt_PKG_CONFIG=/usr/bin/pkg-config
ac_cv_path_install='/usr/bin/install -c'
ac_cv_prog_CPP='gcc -E'
ac_cv_prog_ac_ct_AR=ar
ac_cv_prog_ac_ct_CC=gcc
ac_cv_prog_ac_ct_RANLIB=ranlib
ac_cv_prog_ac_ct_STRIP=strip
ac_cv_prog_cc_c89=
ac_cv_prog_cc_g=yes
ac_cv_prog_f77_g=no
ac_cv_robot_mkdep=yes
ac_cv_search_atan='none required'
ac_cv_search_fabs=-lm
lt_cv_deplibs_check_method=pass_all
lt_cv_file_magic_cmd='$MAGIC_CMD'
lt_cv_file_magic_test_file=
lt_cv_ld_reload_flag=-r
lt_cv_objdir=.libs
lt_cv_path_LD=/usr/bin/ld
lt_cv_path_NM='/usr/bin/nm -B'
lt_cv_path_SED=/bin/sed
lt_cv_prog_compiler_c_o=yes
lt_cv_prog_compiler_pic_works=yes
lt_cv_prog_compiler_rtti_exceptions=no
lt_cv_prog_compiler_static_works=yes
lt_cv_prog_gnu_ld=yes
lt_cv_sys_global_symbol_pipe='sed -n -e '\''s/^.*[ 	]\([ABCDGIRSTW][ABCDGIRSTW]*\)[ 	][ 	]*\([_A-Za-z][_A-Za-z0-9]*\)$/\1 \2 \2/p'\'''
lt_cv_sys_global_symbol_to_c_name_address='sed -n -e '\''s/^: \([^ ]*\) $/  {\"\1\", (lt_ptr) 0},/p'\'' -e '\''s/^[BCDEGRST] \([^ ]*\) \([^ ]*\)$/  {"\2", (lt_ptr) \&\2},/p'\'''
lt_cv_sys_global_symbol_to_cdecl='sed -n -e '\''s/^. .* \(.*\)$/extern int \1;/p'\'''
lt_cv_sys_lib_dlsearch_path_spec='/usr/lib64 /lib64 /usr/lib/x86_64-linux-gnu/libfakeroot /lib/i386-linux-gnu /usr/lib/i386-linux-gnu /lib/i686-linux-gnu /usr/lib/i686-linux-gnu /usr/local/lib /lib/x86_64-linux-gnu /usr/lib/x86_64-linux-gnu /usr/lib/x86_64-linux-gnu/mesa-egl /usr/lib/x86_64-linux-gnu/mesa /usr/lib/x86_64-linux-gnu/mir/clientplatform/mesa /lib32 /usr/lib32 /libx32 /usr/libx32 '
lt_cv_sys_lib_search_path_spec='/usr/lib64 /lib64 /usr/local/lib64'
lt_cv_sys_max_cmd_len=3458764513820540925
lt_lt_cv_prog_compiler_c_o='"yes"'
lt_lt_cv_sys_global_symbol_pipe='"sed -n -e '\''s/^.*[ 	]\\([ABCDGIRSTW][ABCDGIRSTW]*\\)[ 	][ 	]*\\([_A-Za-z][_A-Za-z0-9]*\\)\$/\\1 \\2 \\2/p'\''"'
lt_lt_cv_sys_global_symbol_to_c_name_address='"sed -n -e '\''s/^: \\([^ ]*\\) \$/  {\\\"\\1\\\", (lt_ptr) 0},/p'\'' -e '\''s/^[BCDEGRST] \\([^ ]*\\) \\([^ ]*\\)\$/  {\"\\2\", (lt_ptr) \\&\\2},/p'\''"'
lt_lt_cv_sys_global_symbol_to_cdecl='"sed -n -e '\''s/^. .* \\(.*\\)\$/extern int \\1;/p'\''"'
pkg_cv_GENOM_CFLAGS='-I/opt/openrobots/include  '
pkg_cv_GENOM_LIBS='-Wl,-rpath,/opt/openrobots/lib -L/opt/openrobots/lib -lgenom -lposterLib -lcomLib -lportLib -lrt -lm -ldl  '
robot_cv_gcc_pthread=yes

## ----------------- ##
## Output variables. ##
## ----------------- ##

ABI_VERSION_INFO=''
AR='ar'
CC='gcc'
CFLAGS='-g -O2 -pthread'
CPP='gcc -E'
CPPFLAGS=''
CXX=''
CXXCPP=''
CXXFLAGS=''
DEFS='-DPACKAGE_NAME=\"proximity-genom\" -DPACKAGE_TARNAME=\"proximity-genom\" -DPACKAGE_VERSION=\"1.0\" -DPACKAGE_STRING=\"proximity-genom\ 1.0\" -DPACKAGE_BUGREPORT=\"juan.mora@edu.uah.es\" -DPACKAGE_URL=\"\" -DSTDC_HEADERS=1 -DHAVE_SYS_TYPES_H=1 -DHAVE_SYS_STAT_H=1 -DHAVE_STDLIB_H=1 -DHAVE_STRING_H=1 -DHAVE_MEMORY_H=1 -DHAVE_STRINGS_H=1 -DHAVE_INTTYPES_H=1 -DHAVE_STDINT_H=1 -DHAVE_UNISTD_H=1 -DHAVE_DLFCN_H=1 -DHAVE_SYS_CDEFS_H=1'
DSYMUTIL=''
ECHO='echo'
ECHO_C=''
ECHO_N='-n'
ECHO_T=''
EGREP='/bin/grep -E'
ENDIANNESS=''
EXEEXT=''
EXTRA_INCLUDES=''
EXTRA_LIBS=''
EXTRA_PKGCONFIG=''
EXTRA_SUBDIRS=''
F77=''
FFLAGS=''
GENOM_CFLAGS='-I/opt/openrobots/include  '
GENOM_LIBS='-Wl,-rpath,/opt/openrobots/lib -L/opt/openrobots/lib -lgenom -lposterLib -lcomLib -lportLib -lrt -lm -ldl  '
GREP='/bin/grep'
INSTALL_DATA='${INSTALL} -m 644'
INSTALL_PROGRAM='${INSTALL}'
INSTALL_SCRIPT='${INSTALL}'
LANG_CXX='no'
LDFLAGS=' -pthread'
LIBMATH='-lm '
LIBOBJS=''
LIBS='-lm '
LIBTOOL='$(SHELL) $(top_builddir)/libtool'
LIBTOOL_DEPS='../autoconf/ltmain.sh'
LN_S='ln -s'
LTLIBOBJS=''
MKDEP='/usr/bin/mkdep'
NMEDIT=''
OBJEXT='o'
OSAPI='posix'
PACKAGE_BUGREPORT='juan.mora@edu.uah.es'
PACKAGE_NAME='proximity-genom'
PACKAGE_STRING='proximity-genom 1.0'
PACKAGE_TARNAME='proximity-genom'
PACKAGE_URL=''
PACKAGE_VERSION='1.0'
PATH_SEPARATOR=':'
PKG_CONFIG='/usr/bin/pkg-config'
RANLIB='ranlib'
SED='/bin/sed'
SHELL='/bin/bash'
STRIP='strip'
XENO_CONFIG=''
ac_ct_CC='gcc'
ac_ct_CXX=''
ac_ct_F77=''
bindir='${exec_prefix}/bin'
build='x86_64-unknown-linux-gnu'
build_alias=''
build_cpu='x86_64'
build_os='linux-gnu'
build_vendor='unknown'
datadir='${datarootdir}'
datarootdir='${prefix}/share'
docdir='${datarootdir}/doc/${PACKAGE_TARNAME}'
dvidir='${docdir}'
exec_prefix='${prefix}'
host='x86_64-unknown-linux-gnu'
host_alias=''
host_cpu='x86_64'
host_os='linux-gnu'
host_vendor='unknown'
htmldir='${docdir}'
includedir='${prefix}/include'
infodir='${datarootdir}/info'
libdir='${exec_prefix}/lib'
libexecdir='${exec_prefix}/libexec'
localedir='${datarootdir}/locale'
localstatedir='${prefix}/var'
mandir='${datarootdir}/man'
oldincludedir='/usr/include'
pdfdir='${docdir}'
prefix='/usr/local'
program_transform_name='s,x,x,'
psdir='${docdir}'
sbindir='${exec_prefix}/sbin'
sharedstatedir='${prefix}/com'
sysconfdir='${prefix}/etc'
target_alias=''

## ----------- ##
## confdefs.h. ##
## ----------- ##

/* confdefs.h */
#define PACKAGE_NAME "proximity-genom"
#define PACKAGE_TARNAME "proximity-genom"
#define PACKAGE_VERSION "1.0"
#define PACKAGE_STRING "proximity-genom 1.0"
#define PACKAGE_BUGREPORT "juan.mora@edu.uah.es"
#define PACKAGE_URL ""
#define STDC_HEADERS 1
#define HAVE_SYS_TYPES_H 1
#define HAVE_SYS_STAT_H 1
#define HAVE_STDLIB_H 1
#define HAVE_STRING_H 1
#define HAVE_MEMORY_H 1
#define HAVE_STRINGS_H 1
#define HAVE_INTTYPES_H 1
#define HAVE_STDINT_H 1
#define HAVE_UNISTD_H 1
#define HAVE_DLFCN_H 1
#define HAVE_SYS_CDEFS_H 1

configure: exit 0
